<?xml version="1.0" encoding="UTF-8"?>
<testng-results ignored="0" total="1" passed="1" failed="0" skipped="0">
  <reporter-output>
  </reporter-output>
  <suite started-at="2023-09-06T19:43:45Z" name="Default suite" finished-at="2023-09-06T19:43:50Z" duration-ms="5521">
    <groups>
    </groups>
    <test started-at="2023-09-06T19:43:45Z" name="Default test" finished-at="2023-09-06T19:43:50Z" duration-ms="5521">
      <class name="TestCases.JsonSchemaValidation">
        <test-method signature="testGet()[pri:0, instance:TestCases.JsonSchemaValidation@5e403b4a]" started-at="2023-09-06T19:43:45Z" name="testGet" finished-at="2023-09-06T19:43:50Z" duration-ms="5484" status="PASS">
          <reporter-output>
          </reporter-output>
        </test-method> <!-- testGet -->
      </class> <!-- TestCases.JsonSchemaValidation -->
    </test> <!-- Default test -->
  </suite> <!-- Default suite -->
</testng-results>
